<?xml version="1.0" encoding="UTF-8"?>
<robot generator="Robot 7.0 (Python 3.11.5 on darwin)" generated="2024-03-01T19:25:34.497476" rpa="false" schemaversion="5">
<suite id="s1" name="Amazon" source="/Users/3sstudio/Desktop/robot framework - selenium/robot-scripts/amazon/tests/amazon.robot">
<test id="s1-t1" name="Logged out user should be asked to sign in to check out" line="12">
<kw name="Begin Web Test" owner="Common" type="SETUP">
<kw name="Open Browser" owner="SeleniumLibrary">
<msg time="2024-03-01T19:25:34.741657" level="INFO">Opening browser 'chrome' to base url 'about:blank'.</msg>
<arg>about:blank</arg>
<arg>${BROWSER}</arg>
<doc>Opens a new browser instance to the optional ``url``.</doc>
<status status="PASS" start="2024-03-01T19:25:34.741412" elapsed="2.956505"/>
</kw>
<status status="PASS" start="2024-03-01T19:25:34.740631" elapsed="2.957763"/>
</kw>
<kw name="Search for Products" owner="Amazon">
<kw name="Load" owner="LandingPage">
<kw name="Go To" owner="SeleniumLibrary">
<msg time="2024-03-01T19:25:37.701983" level="INFO">Opening url 'https://www.amazon.com'</msg>
<arg>${START_URL}</arg>
<doc>Navigates the current browser window to the provided ``url``.</doc>
<status status="PASS" start="2024-03-01T19:25:37.701532" elapsed="0.419570"/>
</kw>
<status status="PASS" start="2024-03-01T19:25:37.700868" elapsed="0.420388"/>
</kw>
<kw name="Verify Page Loaded" owner="LandingPage">
<kw name="Wait Until Page Contains" owner="SeleniumLibrary">
<arg>Search Amazon</arg>
<doc>Waits until ``text`` appears on the current page.</doc>
<status status="PASS" start="2024-03-01T19:25:38.121847" elapsed="8.326311"/>
</kw>
<status status="PASS" start="2024-03-01T19:25:38.121505" elapsed="8.326815"/>
</kw>
<kw name="Search Products" owner="TopNav">
<kw name="Input Text" owner="SeleniumLibrary">
<msg time="2024-03-01T19:25:46.449700" level="INFO">Typing text 'Poster' into text field 'id=twotabsearchtextbox'.</msg>
<arg>${TOPNAV_SEARCH_BAR}</arg>
<arg>${SEARCH_TERM}</arg>
<doc>Types the given ``text`` into the text field identified by ``locator``.</doc>
<status status="PASS" start="2024-03-01T19:25:46.448985" elapsed="0.512156"/>
</kw>
<kw name="Click Button" owner="SeleniumLibrary">
<msg time="2024-03-01T19:25:46.962204" level="INFO">Clicking button 'xpath=//*[@id="nav-search-submit-button"]'.</msg>
<arg>xpath=//*[@id="nav-search-submit-button"]</arg>
<doc>Clicks the button identified by ``locator``.</doc>
<status status="PASS" start="2024-03-01T19:25:46.961742" elapsed="4.385502"/>
</kw>
<status status="PASS" start="2024-03-01T19:25:46.448620" elapsed="4.898973"/>
</kw>
<kw name="Verify Page Loaded" owner="SearchResults">
<kw name="Wait Until Page Contains" owner="SeleniumLibrary">
<arg>Results</arg>
<doc>Waits until ``text`` appears on the current page.</doc>
<status status="PASS" start="2024-03-01T19:25:51.349180" elapsed="0.213644"/>
</kw>
<status status="PASS" start="2024-03-01T19:25:51.348173" elapsed="0.214841"/>
</kw>
<status status="PASS" start="2024-03-01T19:25:37.699725" elapsed="13.863378"/>
</kw>
<kw name="Select Product from Search Results" owner="Amazon">
<kw name="Open Result" owner="SearchResults">
<kw name="Click Link" owner="SeleniumLibrary">
<msg time="2024-03-01T19:25:51.565264" level="INFO">Clicking link 'xpath=(//*[@data-component-type="s-search-result"])[1]//a'.</msg>
<arg>xpath=(//*[@data-component-type="s-search-result"])[1]//a</arg>
<doc>Clicks a link identified by ``locator``.</doc>
<status status="PASS" start="2024-03-01T19:25:51.564817" elapsed="4.678278"/>
</kw>
<doc>Opens FIRST result link</doc>
<status status="PASS" start="2024-03-01T19:25:51.563931" elapsed="4.679352"/>
</kw>
<kw name="Verify Page Loaded" owner="Product">
<kw name="Wait Until Page Contains" owner="SeleniumLibrary">
<arg>Back to results</arg>
<doc>Waits until ``text`` appears on the current page.</doc>
<status status="PASS" start="2024-03-01T19:25:56.248284" elapsed="0.199361"/>
</kw>
<status status="PASS" start="2024-03-01T19:25:56.243782" elapsed="0.206952"/>
</kw>
<status status="PASS" start="2024-03-01T19:25:51.563435" elapsed="4.887445"/>
</kw>
<kw name="Add Product to Cart" owner="Amazon">
<kw name="Add Product To Cart" owner="Product">
<kw name="Click Button" owner="SeleniumLibrary">
<msg time="2024-03-01T19:25:56.452832" level="INFO">Clicking button 'id=add-to-cart-button'.</msg>
<arg>id=add-to-cart-button</arg>
<doc>Clicks the button identified by ``locator``.</doc>
<status status="PASS" start="2024-03-01T19:25:56.452402" elapsed="2.633057"/>
</kw>
<status status="PASS" start="2024-03-01T19:25:56.452000" elapsed="2.633688"/>
</kw>
<kw name="Verify Page Loaded" owner="Cart">
<kw name="Wait Until Page Contains" owner="SeleniumLibrary">
<arg>Added to Cart</arg>
<doc>Waits until ``text`` appears on the current page.</doc>
<status status="PASS" start="2024-03-01T19:25:59.086893" elapsed="0.752295"/>
</kw>
<status status="PASS" start="2024-03-01T19:25:59.086169" elapsed="0.753262"/>
</kw>
<status status="PASS" start="2024-03-01T19:25:56.451319" elapsed="3.388249"/>
</kw>
<kw name="Begin Checkout" owner="Amazon">
<kw name="Proceed To Checkout" owner="Cart">
<kw name="Click Button" owner="SeleniumLibrary">
<msg time="2024-03-01T19:25:59.844172" level="INFO">Clicking button 'css=input[name="proceedToRetailCheckout"]'.</msg>
<arg>css=input[name="proceedToRetailCheckout"]</arg>
<doc>Clicks the button identified by ``locator``.</doc>
<status status="PASS" start="2024-03-01T19:25:59.843764" elapsed="2.378585"/>
</kw>
<status status="PASS" start="2024-03-01T19:25:59.841208" elapsed="2.381439"/>
</kw>
<kw name="Verify Page Loaded" owner="SignIn">
<kw name="Page Should Contain Element" owner="SeleniumLibrary">
<msg time="2024-03-01T19:26:02.244924" level="INFO">Current page contains element 'xpath=//h1'.</msg>
<arg>${SIGNIN_MAIN_HEADING}</arg>
<doc>Verifies that element ``locator`` is found on the current page.</doc>
<status status="PASS" start="2024-03-01T19:26:02.223969" elapsed="0.021101"/>
</kw>
<kw name="Element Text Should Be" owner="SeleniumLibrary">
<msg time="2024-03-01T19:26:02.245828" level="INFO">Verifying element 'xpath=//h1' contains exact text 'Sign in'.</msg>
<arg>${SIGNIN_MAIN_HEADING}</arg>
<arg>Sign in</arg>
<doc>Verifies that element ``locator`` contains exact the text ``expected``.</doc>
<status status="PASS" start="2024-03-01T19:26:02.245357" elapsed="0.060576"/>
</kw>
<status status="PASS" start="2024-03-01T19:26:02.223189" elapsed="0.082943"/>
</kw>
<status status="PASS" start="2024-03-01T19:25:59.840085" elapsed="2.466157"/>
</kw>
<kw name="End Web Test" owner="Common" type="TEARDOWN">
<kw name="Close Browser" owner="SeleniumLibrary">
<doc>Closes the current browser.</doc>
<status status="PASS" start="2024-03-01T19:26:02.307733" elapsed="0.558096"/>
</kw>
<status status="PASS" start="2024-03-01T19:26:02.307042" elapsed="0.559087"/>
</kw>
<doc>Example of conteinarization approach in robot framework</doc>
<tag>Smoke</tag>
<status status="PASS" start="2024-03-01T19:25:34.739909" elapsed="28.126434"/>
</test>
<status status="PASS" start="2024-03-01T19:25:34.499025" elapsed="28.368352"/>
</suite>
<statistics>
<total>
<stat pass="1" fail="0" skip="0">All Tests</stat>
</total>
<tag>
<stat pass="1" fail="0" skip="0">Smoke</stat>
</tag>
<suite>
<stat pass="1" fail="0" skip="0" id="s1" name="Amazon">Amazon</stat>
</suite>
</statistics>
<errors>
</errors>
</robot>
