<?xml version="1.0" encoding="UTF-8"?>
<robot generator="Robot 7.0 (Python 3.11.5 on darwin)" generated="2024-03-02T19:44:45.782541" rpa="false" schemaversion="5">
<suite id="s1" name="Crm" source="/Users/3sstudio/Desktop/robot framework - selenium/robot-scripts/crm/tests/crm.robot">
<test id="s1-t1" name="Home page should load" line="16">
<kw name="Begin Web Test" owner="Common" type="SETUP">
<kw name="Set Selenium Timeout" owner="SeleniumLibrary">
<arg>10s</arg>
<doc>Sets the timeout that is used by various keywords.</doc>
<status status="PASS" start="2024-03-02T19:44:46.057475" elapsed="0.000503"/>
</kw>
<kw name="Open Browser" owner="SeleniumLibrary">
<msg time="2024-03-02T19:44:46.058467" level="INFO">Opening browser 'chrome' to base url 'https://automationplayground.com/crm/'.</msg>
<arg>${URL}</arg>
<arg>${BROWSER}</arg>
<doc>Opens a new browser instance to the optional ``url``.</doc>
<status status="PASS" start="2024-03-02T19:44:46.058230" elapsed="3.527585"/>
</kw>
<kw name="Set Window Position" owner="SeleniumLibrary">
<arg>x=350</arg>
<arg>y=200</arg>
<doc>Sets window position using ``x`` and ``y`` coordinates.</doc>
<status status="PASS" start="2024-03-02T19:44:49.588138" elapsed="0.112114"/>
</kw>
<kw name="Set Window Size" owner="SeleniumLibrary">
<arg>width=1500</arg>
<arg>height=1000</arg>
<doc>Sets current windows size to given ``width`` and ``height``.</doc>
<status status="PASS" start="2024-03-02T19:44:49.700649" elapsed="0.121623"/>
</kw>
<kw name="Wait Until Page Contains" owner="SeleniumLibrary">
<arg>Customers Are Priority One!</arg>
<doc>Waits until ``text`` appears on the current page.</doc>
<status status="PASS" start="2024-03-02T19:44:49.822549" elapsed="0.021962"/>
</kw>
<status status="PASS" start="2024-03-02T19:44:46.056391" elapsed="3.788415"/>
</kw>
<kw name="Go to &quot;Home&quot; Page" owner="CrmApp">
<kw name="Navigate To" owner="Home">
<kw name="Go To" owner="SeleniumLibrary">
<msg time="2024-03-02T19:44:49.847558" level="INFO">Opening url 'https://automationplayground.com/crm/'</msg>
<arg>${URL}</arg>
<doc>Navigates the current browser window to the provided ``url``.</doc>
<status status="PASS" start="2024-03-02T19:44:49.847263" elapsed="0.062498"/>
</kw>
<kw name="Verify Page Loaded" owner="Home">
<kw name="Wait Until Page Contains" owner="SeleniumLibrary">
<arg>${HOME_HEADER_LABEL}</arg>
<doc>Waits until ``text`` appears on the current page.</doc>
<status status="PASS" start="2024-03-02T19:44:49.910679" elapsed="0.026026"/>
</kw>
<status status="PASS" start="2024-03-02T19:44:49.910271" elapsed="0.026685"/>
</kw>
<status status="PASS" start="2024-03-02T19:44:49.846573" elapsed="0.090468"/>
</kw>
<status status="PASS" start="2024-03-02T19:44:49.845672" elapsed="0.091514"/>
</kw>
<kw name="End Web Test" owner="Common" type="TEARDOWN">
<kw name="Close All Browsers" owner="SeleniumLibrary">
<doc>Closes all open browsers and resets the browser cache.</doc>
<status status="PASS" start="2024-03-02T19:44:49.938330" elapsed="0.252107"/>
</kw>
<status status="PASS" start="2024-03-02T19:44:49.937649" elapsed="0.252940"/>
</kw>
<doc>Test the home page</doc>
<tag>1001</tag>
<tag>Home</tag>
<tag>Smoke</tag>
<status status="PASS" start="2024-03-02T19:44:46.055264" elapsed="4.135468"/>
</test>
<test id="s1-t2" name="Should be able to Login with valid credentials" line="21">
<kw name="Begin Web Test" owner="Common" type="SETUP">
<kw name="Set Selenium Timeout" owner="SeleniumLibrary">
<arg>10s</arg>
<doc>Sets the timeout that is used by various keywords.</doc>
<status status="PASS" start="2024-03-02T19:44:50.193663" elapsed="0.000437"/>
</kw>
<kw name="Open Browser" owner="SeleniumLibrary">
<msg time="2024-03-02T19:44:50.194618" level="INFO">Opening browser 'chrome' to base url 'https://automationplayground.com/crm/'.</msg>
<arg>${URL}</arg>
<arg>${BROWSER}</arg>
<doc>Opens a new browser instance to the optional ``url``.</doc>
<status status="PASS" start="2024-03-02T19:44:50.194321" elapsed="2.988883"/>
</kw>
<kw name="Set Window Position" owner="SeleniumLibrary">
<arg>x=350</arg>
<arg>y=200</arg>
<doc>Sets window position using ``x`` and ``y`` coordinates.</doc>
<status status="PASS" start="2024-03-02T19:44:53.186061" elapsed="0.179665"/>
</kw>
<kw name="Set Window Size" owner="SeleniumLibrary">
<arg>width=1500</arg>
<arg>height=1000</arg>
<doc>Sets current windows size to given ``width`` and ``height``.</doc>
<status status="PASS" start="2024-03-02T19:44:53.365979" elapsed="0.115151"/>
</kw>
<kw name="Wait Until Page Contains" owner="SeleniumLibrary">
<arg>Customers Are Priority One!</arg>
<doc>Waits until ``text`` appears on the current page.</doc>
<status status="PASS" start="2024-03-02T19:44:53.481387" elapsed="0.022988"/>
</kw>
<status status="PASS" start="2024-03-02T19:44:50.193130" elapsed="3.311420"/>
</kw>
<kw name="Go to &quot;Home&quot; Page" owner="CrmApp">
<kw name="Navigate To" owner="Home">
<kw name="Go To" owner="SeleniumLibrary">
<msg time="2024-03-02T19:44:53.506627" level="INFO">Opening url 'https://automationplayground.com/crm/'</msg>
<arg>${URL}</arg>
<doc>Navigates the current browser window to the provided ``url``.</doc>
<status status="PASS" start="2024-03-02T19:44:53.506344" elapsed="0.054204"/>
</kw>
<kw name="Verify Page Loaded" owner="Home">
<kw name="Wait Until Page Contains" owner="SeleniumLibrary">
<arg>${HOME_HEADER_LABEL}</arg>
<doc>Waits until ``text`` appears on the current page.</doc>
<status status="PASS" start="2024-03-02T19:44:53.561747" elapsed="0.017649"/>
</kw>
<status status="PASS" start="2024-03-02T19:44:53.560856" elapsed="0.018736"/>
</kw>
<status status="PASS" start="2024-03-02T19:44:53.505879" elapsed="0.073838"/>
</kw>
<status status="PASS" start="2024-03-02T19:44:53.505199" elapsed="0.074675"/>
</kw>
<kw name="Login With Valid Credentials" owner="CrmApp">
<kw name="Click &quot;Sign In&quot; Link" owner="TopNav">
<kw name="Click Link" owner="SeleniumLibrary">
<msg time="2024-03-02T19:44:53.582191" level="INFO">Clicking link 'id=SignIn'.</msg>
<arg>${TOPNAV_SIGNIN_LINK}</arg>
<doc>Clicks a link identified by ``locator``.</doc>
<status status="PASS" start="2024-03-02T19:44:53.581139" elapsed="0.284216"/>
</kw>
<status status="PASS" start="2024-03-02T19:44:53.580851" elapsed="0.284898"/>
</kw>
<kw name="Login With Valid Credentials" owner="SignIn">
<kw name="Fill &quot;Email&quot; Field" owner="SignIn">
<kw name="Input Text" owner="SeleniumLibrary">
<msg time="2024-03-02T19:44:53.873939" level="INFO">Typing text 'admin@robotframeworktutorial.com' into text field 'id=email-id'.</msg>
<arg>${SIGNIN_EMAIL_TEXTBOX}</arg>
<arg>${Email}</arg>
<doc>Types the given ``text`` into the text field identified by ``locator``.</doc>
<status status="PASS" start="2024-03-02T19:44:53.873196" elapsed="0.353313"/>
</kw>
<arg>${Email}</arg>
<status status="PASS" start="2024-03-02T19:44:53.872182" elapsed="0.354512"/>
</kw>
<kw name="Fill &quot;Password&quot; Field" owner="SignIn">
<kw name="Input Text" owner="SeleniumLibrary">
<msg time="2024-03-02T19:44:54.227919" level="INFO">Typing text 'anyPasswordWillWork' into text field 'id=password'.</msg>
<arg>${SIGNIN_PASSWORD_TEXTBOX}</arg>
<arg>${Password}</arg>
<doc>Types the given ``text`` into the text field identified by ``locator``.</doc>
<status status="PASS" start="2024-03-02T19:44:54.227546" elapsed="0.164795"/>
</kw>
<arg>${Password}</arg>
<status status="PASS" start="2024-03-02T19:44:54.227003" elapsed="0.165500"/>
</kw>
<kw name="Click &quot;Submit&quot; Button" owner="SignIn">
<kw name="Click Button" owner="SeleniumLibrary">
<msg time="2024-03-02T19:44:54.393971" level="INFO">Clicking button 'id=submit-id'.</msg>
<arg>${SIGNIN_SUBMIT_BUTTON}</arg>
<doc>Clicks the button identified by ``locator``.</doc>
<status status="PASS" start="2024-03-02T19:44:54.393635" elapsed="0.439252"/>
</kw>
<status status="PASS" start="2024-03-02T19:44:54.392764" elapsed="0.440310"/>
</kw>
<arg>${Email}</arg>
<arg>${Password}</arg>
<status status="PASS" start="2024-03-02T19:44:53.866733" elapsed="0.966452"/>
</kw>
<kw name="Verify Page Loaded" owner="Customers">
<kw name="Wait Until Page Contains" owner="SeleniumLibrary">
<arg>${CUSTOMERS_HEADER_LABEL}</arg>
<doc>Waits until ``text`` appears on the current page.</doc>
<status status="PASS" start="2024-03-02T19:44:54.834158" elapsed="0.019487"/>
</kw>
<status status="PASS" start="2024-03-02T19:44:54.833594" elapsed="0.020308"/>
</kw>
<arg>${VALID_LOGIN_EMAIL}</arg>
<arg>${VALID_LOGIN_PASSWORD}</arg>
<status status="PASS" start="2024-03-02T19:44:53.580380" elapsed="1.273596"/>
</kw>
<kw name="End Web Test" owner="Common" type="TEARDOWN">
<kw name="Close All Browsers" owner="SeleniumLibrary">
<doc>Closes all open browsers and resets the browser cache.</doc>
<status status="PASS" start="2024-03-02T19:44:54.855058" elapsed="0.269229"/>
</kw>
<status status="PASS" start="2024-03-02T19:44:54.854565" elapsed="0.269906"/>
</kw>
<doc>Test the Login</doc>
<tag>1002</tag>
<tag>Login</tag>
<tag>Smoke</tag>
<status status="PASS" start="2024-03-02T19:44:50.192276" elapsed="4.932365"/>
</test>
<test id="s1-t3" name="Should be able to Log Out" line="27">
<kw name="Begin Web Test" owner="Common" type="SETUP">
<kw name="Set Selenium Timeout" owner="SeleniumLibrary">
<arg>10s</arg>
<doc>Sets the timeout that is used by various keywords.</doc>
<status status="PASS" start="2024-03-02T19:44:55.125941" elapsed="0.000286"/>
</kw>
<kw name="Open Browser" owner="SeleniumLibrary">
<msg time="2024-03-02T19:44:55.126663" level="INFO">Opening browser 'chrome' to base url 'https://automationplayground.com/crm/'.</msg>
<arg>${URL}</arg>
<arg>${BROWSER}</arg>
<doc>Opens a new browser instance to the optional ``url``.</doc>
<status status="PASS" start="2024-03-02T19:44:55.126414" elapsed="3.313138"/>
</kw>
<kw name="Set Window Position" owner="SeleniumLibrary">
<arg>x=350</arg>
<arg>y=200</arg>
<doc>Sets window position using ``x`` and ``y`` coordinates.</doc>
<status status="PASS" start="2024-03-02T19:44:58.440565" elapsed="0.108601"/>
</kw>
<kw name="Set Window Size" owner="SeleniumLibrary">
<arg>width=1500</arg>
<arg>height=1000</arg>
<doc>Sets current windows size to given ``width`` and ``height``.</doc>
<status status="PASS" start="2024-03-02T19:44:58.549522" elapsed="0.116162"/>
</kw>
<kw name="Wait Until Page Contains" owner="SeleniumLibrary">
<arg>Customers Are Priority One!</arg>
<doc>Waits until ``text`` appears on the current page.</doc>
<status status="PASS" start="2024-03-02T19:44:58.665923" elapsed="0.019628"/>
</kw>
<status status="PASS" start="2024-03-02T19:44:55.125639" elapsed="3.560109"/>
</kw>
<kw name="Go to &quot;Home&quot; Page" owner="CrmApp">
<kw name="Navigate To" owner="Home">
<kw name="Go To" owner="SeleniumLibrary">
<msg time="2024-03-02T19:44:58.687686" level="INFO">Opening url 'https://automationplayground.com/crm/'</msg>
<arg>${URL}</arg>
<doc>Navigates the current browser window to the provided ``url``.</doc>
<status status="PASS" start="2024-03-02T19:44:58.687524" elapsed="0.064025"/>
</kw>
<kw name="Verify Page Loaded" owner="Home">
<kw name="Wait Until Page Contains" owner="SeleniumLibrary">
<arg>${HOME_HEADER_LABEL}</arg>
<doc>Waits until ``text`` appears on the current page.</doc>
<status status="PASS" start="2024-03-02T19:44:58.752572" elapsed="0.024097"/>
</kw>
<status status="PASS" start="2024-03-02T19:44:58.751989" elapsed="0.024954"/>
</kw>
<status status="PASS" start="2024-03-02T19:44:58.687260" elapsed="0.089825"/>
</kw>
<status status="PASS" start="2024-03-02T19:44:58.686852" elapsed="0.090423"/>
</kw>
<kw name="Login With Valid Credentials" owner="CrmApp">
<kw name="Click &quot;Sign In&quot; Link" owner="TopNav">
<kw name="Click Link" owner="SeleniumLibrary">
<msg time="2024-03-02T19:44:58.779599" level="INFO">Clicking link 'id=SignIn'.</msg>
<arg>${TOPNAV_SIGNIN_LINK}</arg>
<doc>Clicks a link identified by ``locator``.</doc>
<status status="PASS" start="2024-03-02T19:44:58.779032" elapsed="0.333580"/>
</kw>
<status status="PASS" start="2024-03-02T19:44:58.778468" elapsed="0.334332"/>
</kw>
<kw name="Login With Valid Credentials" owner="SignIn">
<kw name="Fill &quot;Email&quot; Field" owner="SignIn">
<kw name="Input Text" owner="SeleniumLibrary">
<msg time="2024-03-02T19:44:59.114194" level="INFO">Typing text 'admin@robotframeworktutorial.com' into text field 'id=email-id'.</msg>
<arg>${SIGNIN_EMAIL_TEXTBOX}</arg>
<arg>${Email}</arg>
<doc>Types the given ``text`` into the text field identified by ``locator``.</doc>
<status status="PASS" start="2024-03-02T19:44:59.113933" elapsed="0.284183"/>
</kw>
<arg>${Email}</arg>
<status status="PASS" start="2024-03-02T19:44:59.113616" elapsed="0.284808"/>
</kw>
<kw name="Fill &quot;Password&quot; Field" owner="SignIn">
<kw name="Input Text" owner="SeleniumLibrary">
<msg time="2024-03-02T19:44:59.401442" level="INFO">Typing text 'anyPasswordWillWork' into text field 'id=password'.</msg>
<arg>${SIGNIN_PASSWORD_TEXTBOX}</arg>
<arg>${Password}</arg>
<doc>Types the given ``text`` into the text field identified by ``locator``.</doc>
<status status="PASS" start="2024-03-02T19:44:59.401187" elapsed="0.246603"/>
</kw>
<arg>${Password}</arg>
<status status="PASS" start="2024-03-02T19:44:59.400762" elapsed="0.247293"/>
</kw>
<kw name="Click &quot;Submit&quot; Button" owner="SignIn">
<kw name="Click Button" owner="SeleniumLibrary">
<msg time="2024-03-02T19:44:59.649241" level="INFO">Clicking button 'id=submit-id'.</msg>
<arg>${SIGNIN_SUBMIT_BUTTON}</arg>
<doc>Clicks the button identified by ``locator``.</doc>
<status status="PASS" start="2024-03-02T19:44:59.648886" elapsed="0.466863"/>
</kw>
<status status="PASS" start="2024-03-02T19:44:59.648405" elapsed="0.467611"/>
</kw>
<arg>${Email}</arg>
<arg>${Password}</arg>
<status status="PASS" start="2024-03-02T19:44:59.113158" elapsed="1.003165"/>
</kw>
<kw name="Verify Page Loaded" owner="Customers">
<kw name="Wait Until Page Contains" owner="SeleniumLibrary">
<arg>${CUSTOMERS_HEADER_LABEL}</arg>
<doc>Waits until ``text`` appears on the current page.</doc>
<status status="PASS" start="2024-03-02T19:45:00.117114" elapsed="0.013921"/>
</kw>
<status status="PASS" start="2024-03-02T19:45:00.116555" elapsed="0.014615"/>
</kw>
<arg>${VALID_LOGIN_EMAIL}</arg>
<arg>${VALID_LOGIN_PASSWORD}</arg>
<status status="PASS" start="2024-03-02T19:44:58.777684" elapsed="1.353589"/>
</kw>
<kw name="Sign Out" owner="CrmApp">
<kw name="Click &quot;Sign Out&quot; Link" owner="TopNav">
<kw name="Click Link" owner="SeleniumLibrary">
<msg time="2024-03-02T19:45:00.132730" level="INFO">Clicking link 'Sign Out'.</msg>
<arg>${TOPNAV_SIGNOUT_LINK}</arg>
<doc>Clicks a link identified by ``locator``.</doc>
<status status="PASS" start="2024-03-02T19:45:00.132420" elapsed="0.343948"/>
</kw>
<status status="PASS" start="2024-03-02T19:45:00.132140" elapsed="0.344407"/>
</kw>
<status status="PASS" start="2024-03-02T19:45:00.131664" elapsed="0.344992"/>
</kw>
<kw name="End Web Test" owner="Common" type="TEARDOWN">
<kw name="Close All Browsers" owner="SeleniumLibrary">
<doc>Closes all open browsers and resets the browser cache.</doc>
<status status="PASS" start="2024-03-02T19:45:00.478102" elapsed="0.277596"/>
</kw>
<status status="PASS" start="2024-03-02T19:45:00.477254" elapsed="0.278688"/>
</kw>
<doc>Test the log out</doc>
<tag>1004</tag>
<tag>Login</tag>
<tag>Smoke</tag>
<status status="PASS" start="2024-03-02T19:44:55.125093" elapsed="5.631108"/>
</test>
<test id="s1-t4" name="Should be able to add a costumer" line="34">
<kw name="Begin Web Test" owner="Common" type="SETUP">
<kw name="Set Selenium Timeout" owner="SeleniumLibrary">
<arg>10s</arg>
<doc>Sets the timeout that is used by various keywords.</doc>
<status status="PASS" start="2024-03-02T19:45:00.758287" elapsed="0.000421"/>
</kw>
<kw name="Open Browser" owner="SeleniumLibrary">
<msg time="2024-03-02T19:45:00.759376" level="INFO">Opening browser 'chrome' to base url 'https://automationplayground.com/crm/'.</msg>
<arg>${URL}</arg>
<arg>${BROWSER}</arg>
<doc>Opens a new browser instance to the optional ``url``.</doc>
<status status="PASS" start="2024-03-02T19:45:00.759036" elapsed="3.519179"/>
</kw>
<kw name="Set Window Position" owner="SeleniumLibrary">
<arg>x=350</arg>
<arg>y=200</arg>
<doc>Sets window position using ``x`` and ``y`` coordinates.</doc>
<status status="PASS" start="2024-03-02T19:45:04.279314" elapsed="0.109335"/>
</kw>
<kw name="Set Window Size" owner="SeleniumLibrary">
<arg>width=1500</arg>
<arg>height=1000</arg>
<doc>Sets current windows size to given ``width`` and ``height``.</doc>
<status status="PASS" start="2024-03-02T19:45:04.389021" elapsed="0.112383"/>
</kw>
<kw name="Wait Until Page Contains" owner="SeleniumLibrary">
<arg>Customers Are Priority One!</arg>
<doc>Waits until ``text`` appears on the current page.</doc>
<status status="PASS" start="2024-03-02T19:45:04.501772" elapsed="0.020380"/>
</kw>
<status status="PASS" start="2024-03-02T19:45:00.757664" elapsed="3.764734"/>
</kw>
<kw name="Go to &quot;Home&quot; Page" owner="CrmApp">
<kw name="Navigate To" owner="Home">
<kw name="Go To" owner="SeleniumLibrary">
<msg time="2024-03-02T19:45:04.524262" level="INFO">Opening url 'https://automationplayground.com/crm/'</msg>
<arg>${URL}</arg>
<doc>Navigates the current browser window to the provided ``url``.</doc>
<status status="PASS" start="2024-03-02T19:45:04.523907" elapsed="0.052436"/>
</kw>
<kw name="Verify Page Loaded" owner="Home">
<kw name="Wait Until Page Contains" owner="SeleniumLibrary">
<arg>${HOME_HEADER_LABEL}</arg>
<doc>Waits until ``text`` appears on the current page.</doc>
<status status="PASS" start="2024-03-02T19:45:04.577114" elapsed="0.020414"/>
</kw>
<status status="PASS" start="2024-03-02T19:45:04.576760" elapsed="0.020959"/>
</kw>
<status status="PASS" start="2024-03-02T19:45:04.523595" elapsed="0.074315"/>
</kw>
<status status="PASS" start="2024-03-02T19:45:04.523117" elapsed="0.074918"/>
</kw>
<kw name="Login With Valid Credentials" owner="CrmApp">
<kw name="Click &quot;Sign In&quot; Link" owner="TopNav">
<kw name="Click Link" owner="SeleniumLibrary">
<msg time="2024-03-02T19:45:04.601049" level="INFO">Clicking link 'id=SignIn'.</msg>
<arg>${TOPNAV_SIGNIN_LINK}</arg>
<doc>Clicks a link identified by ``locator``.</doc>
<status status="PASS" start="2024-03-02T19:45:04.600157" elapsed="0.289319"/>
</kw>
<status status="PASS" start="2024-03-02T19:45:04.599491" elapsed="0.290189"/>
</kw>
<kw name="Login With Valid Credentials" owner="SignIn">
<kw name="Fill &quot;Email&quot; Field" owner="SignIn">
<kw name="Input Text" owner="SeleniumLibrary">
<msg time="2024-03-02T19:45:04.892905" level="INFO">Typing text 'admin@robotframeworktutorial.com' into text field 'id=email-id'.</msg>
<arg>${SIGNIN_EMAIL_TEXTBOX}</arg>
<arg>${Email}</arg>
<doc>Types the given ``text`` into the text field identified by ``locator``.</doc>
<status status="PASS" start="2024-03-02T19:45:04.892362" elapsed="0.251889"/>
</kw>
<arg>${Email}</arg>
<status status="PASS" start="2024-03-02T19:45:04.890751" elapsed="0.253794"/>
</kw>
<kw name="Fill &quot;Password&quot; Field" owner="SignIn">
<kw name="Input Text" owner="SeleniumLibrary">
<msg time="2024-03-02T19:45:05.146223" level="INFO">Typing text 'anyPasswordWillWork' into text field 'id=password'.</msg>
<arg>${SIGNIN_PASSWORD_TEXTBOX}</arg>
<arg>${Password}</arg>
<doc>Types the given ``text`` into the text field identified by ``locator``.</doc>
<status status="PASS" start="2024-03-02T19:45:05.145662" elapsed="0.273782"/>
</kw>
<arg>${Password}</arg>
<status status="PASS" start="2024-03-02T19:45:05.145060" elapsed="0.274589"/>
</kw>
<kw name="Click &quot;Submit&quot; Button" owner="SignIn">
<kw name="Click Button" owner="SeleniumLibrary">
<msg time="2024-03-02T19:45:05.421786" level="INFO">Clicking button 'id=submit-id'.</msg>
<arg>${SIGNIN_SUBMIT_BUTTON}</arg>
<doc>Clicks the button identified by ``locator``.</doc>
<status status="PASS" start="2024-03-02T19:45:05.421214" elapsed="0.413955"/>
</kw>
<status status="PASS" start="2024-03-02T19:45:05.420193" elapsed="0.415159"/>
</kw>
<arg>${Email}</arg>
<arg>${Password}</arg>
<status status="PASS" start="2024-03-02T19:45:04.890099" elapsed="0.945369"/>
</kw>
<kw name="Verify Page Loaded" owner="Customers">
<kw name="Wait Until Page Contains" owner="SeleniumLibrary">
<arg>${CUSTOMERS_HEADER_LABEL}</arg>
<doc>Waits until ``text`` appears on the current page.</doc>
<status status="PASS" start="2024-03-02T19:45:05.836257" elapsed="0.014635"/>
</kw>
<status status="PASS" start="2024-03-02T19:45:05.835802" elapsed="0.015250"/>
</kw>
<arg>${VALID_LOGIN_EMAIL}</arg>
<arg>${VALID_LOGIN_PASSWORD}</arg>
<status status="PASS" start="2024-03-02T19:45:04.598645" elapsed="1.252508"/>
</kw>
<kw name="Add New Customer" owner="CrmApp">
<kw name="Click Add Customer Link" owner="Customers">
<kw name="Click Link" owner="SeleniumLibrary">
<msg time="2024-03-02T19:45:05.853125" level="INFO">Clicking link 'id=new-customer'.</msg>
<arg>${CUSTOMERS_ADD_CUSTOMER_LINK}</arg>
<doc>Clicks a link identified by ``locator``.</doc>
<status status="PASS" start="2024-03-02T19:45:05.852473" elapsed="0.369927"/>
</kw>
<status status="PASS" start="2024-03-02T19:45:05.852022" elapsed="0.370582"/>
</kw>
<kw name="Verify Page Loaded" owner="AddCustomer">
<kw name="Wait Until Page Contains" owner="SeleniumLibrary">
<arg>${ADDCUSTOMER_HEADER_LABEL}</arg>
<doc>Waits until ``text`` appears on the current page.</doc>
<status status="PASS" start="2024-03-02T19:45:06.224372" elapsed="0.017478"/>
</kw>
<status status="PASS" start="2024-03-02T19:45:06.222951" elapsed="0.019028"/>
</kw>
<kw name="Add New Customer" owner="AddCustomer">
<kw name="Fill Customer Fields" owner="AddCustomer">
<kw name="Input Text" owner="SeleniumLibrary">
<msg time="2024-03-02T19:45:06.243720" level="INFO">Typing text 'test@liepenieks.com' into text field 'id=EmailAddress'.</msg>
<arg>${ADDCUSTOMER_EMAIL_TEXTBOX}</arg>
<arg>test@liepenieks.com</arg>
<doc>Types the given ``text`` into the text field identified by ``locator``.</doc>
<status status="PASS" start="2024-03-02T19:45:06.243379" elapsed="0.141444"/>
</kw>
<kw name="Input Text" owner="SeleniumLibrary">
<msg time="2024-03-02T19:45:06.385663" level="INFO">Typing text 'Juris' into text field 'id=FirstName'.</msg>
<arg>${ADDCUSTOMER_FIRST_NAME_TEXTBOX}</arg>
<arg>Juris</arg>
<doc>Types the given ``text`` into the text field identified by ``locator``.</doc>
<status status="PASS" start="2024-03-02T19:45:06.385221" elapsed="0.190552"/>
</kw>
<kw name="Input Text" owner="SeleniumLibrary">
<msg time="2024-03-02T19:45:06.576548" level="INFO">Typing text 'Lode' into text field 'id=LastName'.</msg>
<arg>${ADDCUSTOMER_LAST_NAME_TEXTBOX}</arg>
<arg>Lode</arg>
<doc>Types the given ``text`` into the text field identified by ``locator``.</doc>
<status status="PASS" start="2024-03-02T19:45:06.576114" elapsed="0.153807"/>
</kw>
<kw name="Input Text" owner="SeleniumLibrary">
<msg time="2024-03-02T19:45:06.730675" level="INFO">Typing text 'Imanta' into text field 'id=City'.</msg>
<arg>${ADDCUSTOMER_CITY_TEXTBOX}</arg>
<arg>Imanta</arg>
<doc>Types the given ``text`` into the text field identified by ``locator``.</doc>
<status status="PASS" start="2024-03-02T19:45:06.730293" elapsed="0.151037"/>
</kw>
<kw name="Select From List By Value" owner="SeleniumLibrary">
<msg time="2024-03-02T19:45:06.882110" level="INFO">Selecting options from selection list 'id=StateOrRegion' by value TX.</msg>
<arg>${ADDCUSTOMER_STATE_DROPDOWN}</arg>
<arg>TX</arg>
<doc>Selects options from selection list ``locator`` by ``values``.</doc>
<status status="PASS" start="2024-03-02T19:45:06.881696" elapsed="0.155898"/>
</kw>
<kw name="Select Radio Button" owner="SeleniumLibrary">
<msg time="2024-03-02T19:45:07.038339" level="INFO">Selecting 'male' from radio button 'gender'.</msg>
<arg>${ADDCUSTOMER_GENDER_RADIO}</arg>
<arg>male</arg>
<doc>Sets the radio button group ``group_name`` to ``value``.</doc>
<status status="PASS" start="2024-03-02T19:45:07.037971" elapsed="0.110756"/>
</kw>
<kw name="Select Checkbox" owner="SeleniumLibrary">
<msg time="2024-03-02T19:45:07.149498" level="INFO">Selecting checkbox 'name=promos-name'.</msg>
<arg>${ADDCUSTOMER_PROMO_CHECKBOX}</arg>
<doc>Selects the checkbox identified by ``locator``.</doc>
<status status="PASS" start="2024-03-02T19:45:07.149104" elapsed="0.115712"/>
</kw>
<status status="PASS" start="2024-03-02T19:45:06.242603" elapsed="1.022403"/>
</kw>
<kw name="Click Submit Button" owner="AddCustomer">
<kw name="Click Button" owner="SeleniumLibrary">
<msg time="2024-03-02T19:45:07.266806" level="INFO">Clicking button 'Submit'.</msg>
<arg>${ADDCUSTOMER_SUBMIT_BUTTON}</arg>
<doc>Clicks the button identified by ``locator``.</doc>
<status status="PASS" start="2024-03-02T19:45:07.265717" elapsed="0.280603"/>
</kw>
<status status="PASS" start="2024-03-02T19:45:07.265339" elapsed="0.281314"/>
</kw>
<status status="PASS" start="2024-03-02T19:45:06.242216" elapsed="1.304640"/>
</kw>
<kw name="Verify Customer Added Successfully" owner="Customers">
<kw name="Wait Until Page Contains" owner="SeleniumLibrary">
<arg>${CUSTOMER_SUCCESS_LABEL}</arg>
<doc>Waits until ``text`` appears on the current page.</doc>
<status status="PASS" start="2024-03-02T19:45:07.548008" elapsed="0.022546"/>
</kw>
<status status="PASS" start="2024-03-02T19:45:07.547352" elapsed="0.023364"/>
</kw>
<status status="PASS" start="2024-03-02T19:45:05.851552" elapsed="1.719283"/>
</kw>
<kw name="Sign Out" owner="CrmApp">
<kw name="Click &quot;Sign Out&quot; Link" owner="TopNav">
<kw name="Click Link" owner="SeleniumLibrary">
<msg time="2024-03-02T19:45:07.572812" level="INFO">Clicking link 'Sign Out'.</msg>
<arg>${TOPNAV_SIGNOUT_LINK}</arg>
<doc>Clicks a link identified by ``locator``.</doc>
<status status="PASS" start="2024-03-02T19:45:07.572440" elapsed="0.247822"/>
</kw>
<status status="PASS" start="2024-03-02T19:45:07.571933" elapsed="0.248532"/>
</kw>
<status status="PASS" start="2024-03-02T19:45:07.571318" elapsed="0.249272"/>
</kw>
<kw name="End Web Test" owner="Common" type="TEARDOWN">
<kw name="Close All Browsers" owner="SeleniumLibrary">
<doc>Closes all open browsers and resets the browser cache.</doc>
<status status="PASS" start="2024-03-02T19:45:07.821780" elapsed="0.233819"/>
</kw>
<status status="PASS" start="2024-03-02T19:45:07.821233" elapsed="0.234555"/>
</kw>
<doc>This is some basic info about the TEST</doc>
<tag>1006</tag>
<tag>Contacts</tag>
<tag>Smoke</tag>
<status status="PASS" start="2024-03-02T19:45:00.756675" elapsed="7.299294"/>
</test>
<doc>This is some basic info about the whole suite</doc>
<status status="PASS" start="2024-03-02T19:44:45.784166" elapsed="22.272935"/>
</suite>
<statistics>
<total>
<stat pass="4" fail="0" skip="0">All Tests</stat>
</total>
<tag>
<stat pass="1" fail="0" skip="0">1001</stat>
<stat pass="1" fail="0" skip="0">1002</stat>
<stat pass="1" fail="0" skip="0">1004</stat>
<stat pass="1" fail="0" skip="0">1006</stat>
<stat pass="1" fail="0" skip="0">Contacts</stat>
<stat pass="1" fail="0" skip="0">Home</stat>
<stat pass="2" fail="0" skip="0">Login</stat>
<stat pass="4" fail="0" skip="0">Smoke</stat>
</tag>
<suite>
<stat pass="4" fail="0" skip="0" id="s1" name="Crm">Crm</stat>
</suite>
</statistics>
<errors>
</errors>
</robot>
